<?xml version="1.0" encoding="UTF-8"?>
<!-- Generated by org.testng.reporters.JUnitReportReporter -->
<testsuite hostname="DESKTOP-S87CLC7" failures="0" tests="4" name="tests.CartTest" time="5.438" errors="0" timestamp="2024-11-08T22:27:21 EET" skipped="0">
  <testcase classname="tests.CartTest" name="verifyAddProductToCart" time="1.283"/>
  <system-out/>
  <testcase classname="tests.CartTest" name="verifyAddMultipleProductsToCart" time="1.507"/>
  <system-out/>
  <testcase classname="tests.CartTest" name="removeOneProductFromCart" time="1.382"/>
  <system-out/>
  <testcase classname="tests.CartTest" name="removeAllProductsFromCart" time="1.266"/>
  <system-out/>
</testsuite> <!-- tests.CartTest -->
