<?xml version="1.0" encoding="UTF-8"?>
<!-- Generated by org.testng.reporters.JUnitReportReporter -->
<testsuite hostname="DESKTOP-S87CLC7" failures="0" tests="2" name="tests.CheckOutTest" time="2.923" errors="0" timestamp="2024-11-08T22:27:41 EET" skipped="0">
  <testcase classname="tests.CheckOutTest" name="verifyValidCheckOut" time="1.305"/>
  <system-out/>
  <testcase classname="tests.CheckOutTest" name="verifyInvalidCheckOutInfo" time="1.618"/>
  <system-out/>
</testsuite> <!-- tests.CheckOutTest -->
